\BOOKMARK [1][-]{section.1}{\376\377\000N\000e\000w\000t\000o\000n\000'\000s\000\040\000L\000a\000w\000s\000\040\000o\000f\000\040\000M\000o\000t\000i\000o\000n}{}% 1
\BOOKMARK [1][-]{section.2}{\376\377\000T\000h\000e\000\040\000S\000U\000V\000A\000T\000\040\000E\000q\000u\000a\000t\000i\000o\000n\000s}{}% 2
\BOOKMARK [1][-]{section.3}{\376\377\000P\000r\000o\000j\000e\000c\000t\000i\000l\000e}{}% 3
\BOOKMARK [1][-]{section.4}{\376\377\000T\000y\000p\000e\000s\000\040\000o\000f\000\040\000F\000o\000r\000c\000e\000s}{}% 4
\BOOKMARK [2][-]{subsection.4.1}{\376\377\000T\000e\000n\000s\000i\000o\000n}{section.4}% 5
\BOOKMARK [2][-]{subsection.4.2}{\376\377\000D\000r\000a\000g\000\040\000F\000o\000r\000c\000e}{section.4}% 6
\BOOKMARK [2][-]{subsection.4.3}{\376\377\000B\000u\000o\000y\000a\000n\000c\000y\000\040\000F\000o\000r\000c\000e}{section.4}% 7
\BOOKMARK [2][-]{subsection.4.4}{\376\377\000F\000r\000i\000c\000t\000i\000o\000n\000a\000l\000\040\000F\000o\000r\000c\000e}{section.4}% 8
\BOOKMARK [2][-]{subsection.4.5}{\376\377\000S\000p\000r\000i\000n\000g\000\040\000F\000o\000r\000c\000e}{section.4}% 9
\BOOKMARK [1][-]{section.5}{\376\377\000C\000i\000r\000c\000u\000l\000a\000r\000\040\000M\000o\000t\000i\000o\000n}{}% 10
\BOOKMARK [2][-]{subsection.5.1}{\376\377\000V\000e\000r\000t\000i\000c\000a\000l\000l\000y\000\040\000R\000o\000t\000a\000t\000i\000n\000g\000\040\000O\000b\000j\000e\000c\000t\000\040\000o\000n\000\040\000a\000\040\000S\000t\000r\000i\000n\000g}{section.5}% 11
\BOOKMARK [2][-]{subsection.5.2}{\376\377\000T\000u\000r\000n\000i\000n\000g\000\040\000w\000i\000t\000h\000o\000u\000t\000\040\000S\000l\000i\000p\000p\000i\000n\000g}{section.5}% 12
\BOOKMARK [2][-]{subsection.5.3}{\376\377\000B\000a\000n\000k\000i\000n\000g}{section.5}% 13
\BOOKMARK [2][-]{subsection.5.4}{\376\377\000C\000a\000r\000\040\000o\000v\000e\000r\000\040\000a\000\040\000B\000r\000i\000d\000g\000e\000/\000H\000i\000l\000l}{section.5}% 14
\BOOKMARK [1][-]{section.6}{\376\377\000E\000n\000e\000r\000g\000y}{}% 15
\BOOKMARK [2][-]{subsection.6.1}{\376\377\000S\000a\000n\000k\000e\000y\000\040\000D\000i\000a\000g\000r\000a\000m\000s}{section.6}% 16
\BOOKMARK [1][-]{section.7}{\376\377\000M\000o\000m\000e\000n\000t\000u\000m}{}% 17
\BOOKMARK [2][-]{subsection.7.1}{\376\377\000C\000o\000l\000l\000i\000s\000i\000o\000n\000s\000\040\000a\000n\000d\000\040\000E\000x\000p\000l\000o\000s\000i\000o\000n\000s}{section.7}% 18
\BOOKMARK [1][-]{section.8}{\376\377\000E\000x\000a\000m\000\040\000Q\000u\000e\000s\000t\000i\000o\000n\000s}{}% 19
\BOOKMARK [2][-]{subsection.8.1}{\376\377\000M\000C\000Q\000\040\000\043\0001\000\040\040\023\000\040\000P\000r\000o\000j\000e\000c\000t\000i\000l\000e}{section.8}% 20
\BOOKMARK [2][-]{subsection.8.2}{\376\377\000M\000C\000Q\000\040\000\043\0002\000\040\040\023\000\040\000P\000r\000o\000j\000e\000c\000t\000i\000l\000e}{section.8}% 21
\BOOKMARK [2][-]{subsection.8.3}{\376\377\000M\000C\000Q\000\040\000\043\0003\000\040\040\023\000\040\000T\000w\000o\000-\000S\000t\000a\000g\000e\000\040\000M\000o\000t\000i\000o\000n}{section.8}% 22
\BOOKMARK [2][-]{subsection.8.4}{\376\377\000M\000C\000Q\000\040\000\043\0004\000\040\040\023\000\040\000M\000o\000m\000e\000n\000t\000u\000m\000\040\000C\000o\000n\000s\000e\000r\000v\000a\000t\000i\000o\000n\000\040\000i\000n\000\040\000D\000i\000s\000g\000u\000i\000s\000e}{section.8}% 23
\BOOKMARK [2][-]{subsection.8.5}{\376\377\000M\000C\000Q\000\040\000\043\0005\000\040\040\023\000\040\000C\000i\000r\000c\000u\000l\000a\000r\000\040\000M\000o\000t\000i\000o\000n}{section.8}% 24
\BOOKMARK [2][-]{subsection.8.6}{\376\377\000M\000C\000Q\000\040\000\043\0006\000\040\040\023\000\040\000F\000o\000r\000c\000e\000\040\000P\000a\000i\000r\000s\000\040\000a\000n\000d\000\040\000L\000o\000g\000i\000c}{section.8}% 25
\BOOKMARK [2][-]{subsection.8.7}{\376\377\000M\000i\000s\000c\000\040\000\043\0001\000\040\040\023\000\040\000P\000u\000l\000l\000e\000y}{section.8}% 26
\BOOKMARK [2][-]{subsection.8.8}{\376\377\000M\000i\000s\000c\000\040\000\043\0002\000\040\040\023\000\040\000P\000a\000s\000s\000i\000n\000g\000\040\000o\000v\000e\000r\000\040\000a\000\040\000N\000e\000t}{section.8}% 27
\BOOKMARK [2][-]{subsection.8.9}{\376\377\000T\000e\000n\000s\000i\000o\000n\000\040\000\043\0001}{section.8}% 28
\BOOKMARK [2][-]{subsection.8.10}{\376\377\000B\000i\000-\000b\000o\000d\000y\000\040\000M\000o\000v\000e\000m\000e\000n\000t\000\040\000\043\0001}{section.8}% 29
\BOOKMARK [2][-]{subsection.8.11}{\376\377\000B\000i\000-\000b\000o\000d\000y\000\040\000M\000o\000v\000e\000m\000e\000n\000t\000\040\000\043\0002}{section.8}% 30
\BOOKMARK [2][-]{subsection.8.12}{\376\377\0002\000D\000\040\000M\000o\000m\000e\000n\000t\000u\000m\000\040\000C\000o\000n\000s\000e\000r\000v\000a\000t\000i\000o\000n}{section.8}% 31
