\BOOKMARK [1][-]{section.1}{\376\377\000E\000l\000e\000c\000t\000r\000o\000s\000t\000a\000t\000i\000c\000s\000\040\040\024\000\040\000I\000n\000t\000e\000r\000a\000c\000t\000i\000o\000n\000\040\000o\000f\000\040\000C\000h\000a\000r\000g\000e\000s}{}% 1
\BOOKMARK [1][-]{section.2}{\376\377\000C\000o\000n\000s\000e\000r\000v\000a\000t\000i\000o\000n\000\040\000o\000f\000\040\000C\000h\000a\000r\000g\000e}{}% 2
\BOOKMARK [1][-]{section.3}{\376\377\000M\000e\000c\000h\000a\000n\000i\000s\000m\000s\000\040\000o\000f\000\040\000C\000h\000a\000r\000g\000e\000\040\000T\000r\000a\000n\000s\000f\000e\000r}{}% 3
\BOOKMARK [2][-]{subsection.3.1}{\376\377\000F\000r\000i\000c\000t\000i\000o\000n}{section.3}% 4
\BOOKMARK [2][-]{subsection.3.2}{\376\377\000C\000o\000n\000t\000a\000c\000t}{section.3}% 5
\BOOKMARK [2][-]{subsection.3.3}{\376\377\000I\000n\000d\000u\000c\000t\000i\000o\000n}{section.3}% 6
\BOOKMARK [1][-]{section.4}{\376\377\000E\000l\000e\000c\000t\000r\000i\000c\000\040\000F\000i\000e\000l\000d\000s}{}% 7
\BOOKMARK [2][-]{subsection.4.1}{\376\377\000C\000o\000u\000l\000o\000m\000b\000'\000s\000\040\000L\000a\000w}{section.4}% 8
\BOOKMARK [3][-]{subsubsection.4.1.1}{\376\377\000C\000o\000u\000l\000o\000m\000b\000'\000s\000\040\000C\000o\000n\000s\000t\000a\000n\000t}{subsection.4.1}% 9
\BOOKMARK [2][-]{subsection.4.2}{\376\377\000E\000l\000e\000c\000t\000r\000i\000c\000\040\000F\000i\000e\000l\000d\000\040\000S\000t\000r\000e\000n\000g\000t\000h}{section.4}% 10
\BOOKMARK [2][-]{subsection.4.3}{\376\377\000F\000i\000e\000l\000d\000\040\000L\000i\000n\000e\000\040\000P\000a\000t\000t\000e\000r\000n\000s}{section.4}% 11
\BOOKMARK [2][-]{subsection.4.4}{\376\377\000P\000a\000r\000a\000l\000l\000e\000l\000\040\000P\000l\000a\000t\000e\000s\000\040\000E\000q\000u\000a\000t\000i\000o\000n\000s}{section.4}% 12
\BOOKMARK [2][-]{subsection.4.5}{\376\377\000E\000l\000e\000c\000t\000r\000o\000n\000\040\000V\000o\000l\000t\000\040\000C\000o\000n\000v\000e\000r\000s\000i\000o\000n\000s}{section.4}% 13
\BOOKMARK [2][-]{subsection.4.6}{\376\377\000F\000i\000e\000l\000d\000\040\000C\000l\000o\000s\000e\000\040\000t\000o\000\040\000a\000\040\000C\000o\000n\000d\000u\000c\000t\000o\000r}{section.4}% 14
\BOOKMARK [2][-]{subsection.4.7}{\376\377\000M\000i\000l\000l\000i\000k\000a\000n\000'\000s\000\040\000O\000i\000l\000\040\000D\000r\000o\000p\000\040\000E\000x\000p\000e\000r\000i\000m\000e\000n\000t}{section.4}% 15
\BOOKMARK [2][-]{subsection.4.8}{\376\377\000E\000l\000e\000c\000t\000r\000i\000c\000\040\000P\000o\000t\000e\000n\000t\000i\000a\000l}{section.4}% 16
\BOOKMARK [3][-]{subsubsection.4.8.1}{\376\377\000E\000q\000u\000i\000p\000o\000t\000e\000n\000t\000i\000a\000l\000s}{subsection.4.8}% 17
\BOOKMARK [2][-]{subsection.4.9}{\376\377\000E\000l\000e\000c\000t\000r\000i\000c\000\040\000P\000o\000t\000e\000n\000t\000i\000a\000l\000\040\000a\000n\000d\000\040\000F\000i\000e\000l\000d\000\040\000S\000t\000r\000e\000n\000g\000t\000h}{section.4}% 18
\BOOKMARK [2][-]{subsection.4.10}{\376\377\000P\000o\000t\000e\000n\000t\000i\000a\000l\000\040\000a\000n\000d\000\040\000F\000i\000e\000l\000d\000s\000\040\000I\000n\000s\000i\000d\000e\000\040\000a\000\040\000H\000o\000l\000l\000o\000w\000\040\000S\000p\000h\000e\000r\000e}{section.4}% 19
\BOOKMARK [2][-]{subsection.4.11}{\376\377\000E\000l\000e\000c\000t\000r\000i\000c\000\040\000P\000o\000t\000e\000n\000t\000i\000a\000l\000\040\000E\000n\000e\000r\000g\000y}{section.4}% 20
\BOOKMARK [2][-]{subsection.4.12}{\376\377\000C\000o\000m\000b\000i\000n\000e\000d\000\040\000P\000o\000t\000e\000n\000t\000i\000a\000l\000s}{section.4}% 21
\BOOKMARK [1][-]{section.5}{\376\377\000M\000a\000g\000n\000e\000t\000i\000c\000\040\000F\000i\000e\000l\000d\000s}{}% 22
\BOOKMARK [2][-]{subsection.5.1}{\376\377\000F\000i\000e\000l\000d\000\040\000L\000i\000n\000e\000\040\000P\000a\000t\000t\000e\000r\000n\000s}{section.5}% 23
\BOOKMARK [3][-]{subsubsection.5.1.1}{\376\377\000S\000t\000r\000a\000i\000g\000h\000t\000\040\000W\000i\000r\000e}{subsection.5.1}% 24
\BOOKMARK [3][-]{subsubsection.5.1.2}{\376\377\000S\000i\000n\000g\000l\000e\000\040\000L\000o\000o\000p\000\040\000o\000f\000\040\000C\000i\000r\000c\000u\000l\000a\000r\000\040\000C\000o\000i\000l}{subsection.5.1}% 25
\BOOKMARK [3][-]{subsubsection.5.1.3}{\376\377\000S\000o\000l\000e\000n\000o\000i\000d}{subsection.5.1}% 26
\BOOKMARK [1][-]{section.6}{\376\377\000E\000x\000a\000m\000\040\000Q\000u\000e\000s\000t\000i\000o\000n\000s}{}% 27
\BOOKMARK [2][-]{subsection.6.1}{\376\377\000F\000o\000r\000c\000e\000\040\000a\000n\000d\000\040\000F\000i\000e\000l\000d\000\040\000S\000t\000r\000e\000n\000g\000t\000h\000\040\000D\000i\000r\000e\000c\000t\000i\000o\000n\000s}{section.6}% 28
