\BOOKMARK [1][-]{section.1}{\376\377\000I\000s\000o\000t\000o\000p\000e\000s\000\040\000a\000n\000d\000\040\000I\000s\000o\000t\000o\000n\000e\000s}{}% 1
\BOOKMARK [1][-]{section.2}{\376\377\000R\000a\000d\000i\000o\000a\000c\000t\000i\000v\000e\000\040\000D\000e\000c\000a\000y}{}% 2
\BOOKMARK [2][-]{subsection.2.1}{\376\377\000T\000y\000p\000e\000s\000\040\000o\000f\000\040\000D\000e\000c\000a\000y}{section.2}% 3
\BOOKMARK [3][-]{subsubsection.2.1.1}{\376\377\000A\000l\000p\000h\000a\000\040\000D\000e\000c\000a\000y}{subsection.2.1}% 4
\BOOKMARK [3][-]{subsubsection.2.1.2}{\376\377\000B\000e\000t\000a\000\040\000D\000e\000c\000a\000y}{subsection.2.1}% 5
\BOOKMARK [3][-]{subsubsection.2.1.3}{\376\377\000G\000a\000m\000m\000a\000\040\000D\000e\000c\000a\000y}{subsection.2.1}% 6
\BOOKMARK [2][-]{subsection.2.2}{\376\377\000E\000n\000e\000r\000g\000y\000\040\000L\000e\000v\000e\000l\000s}{section.2}% 7
\BOOKMARK [3][-]{subsubsection.2.2.1}{\376\377\000D\000i\000s\000c\000r\000e\000t\000e\000\040\000E\000n\000e\000r\000g\000y\000\040\000L\000e\000v\000e\000l\000s}{subsection.2.2}% 8
\BOOKMARK [3][-]{subsubsection.2.2.2}{\376\377\000C\000o\000n\000t\000i\000n\000u\000o\000u\000s\000\040\000E\000n\000e\000r\000g\000y\000\040\000L\000e\000v\000e\000l\000s}{subsection.2.2}% 9
\BOOKMARK [1][-]{section.3}{\376\377\000P\000r\000o\000p\000e\000r\000t\000i\000e\000s\000\040\000o\000f\000\040\000I\000o\000n\000i\000z\000i\000n\000g\000\040\000R\000a\000d\000i\000a\000t\000i\000o\000n}{}% 10
\BOOKMARK [1][-]{section.4}{\376\377\000M\000a\000s\000s\000\040\000D\000e\000f\000e\000c\000t\000\040\000a\000n\000d\000\040\000B\000i\000n\000d\000i\000n\000g\000\040\000E\000n\000e\000r\000g\000y}{}% 11
\BOOKMARK [2][-]{subsection.4.1}{\376\377\000E\000x\000a\000m\000p\000l\000e\000\040\000Q\000u\000e\000s\000t\000i\000o\000n\000\040\040\024\000\040\000E\000n\000e\000r\000g\000y\000\040\000R\000e\000l\000e\000a\000s\000e\000d}{section.4}% 12
\BOOKMARK [2][-]{subsection.4.2}{\376\377\000B\000i\000n\000d\000i\000n\000g\000\040\000E\000n\000e\000r\000g\000y\000\040\000p\000e\000r\000\040\000N\000u\000c\000l\000e\000o\000n}{section.4}% 13
\BOOKMARK [2][-]{subsection.4.3}{\376\377\000E\000x\000a\000m\000p\000l\000e\000\040\000Q\000u\000e\000s\000t\000i\000o\000n}{section.4}% 14
\BOOKMARK [1][-]{section.5}{\376\377\000T\000h\000e\000\040\000N\000u\000c\000l\000e\000u\000s}{}% 15
\BOOKMARK [2][-]{subsection.5.1}{\376\377\000N\000u\000c\000l\000e\000a\000r\000\040\000M\000a\000s\000s}{section.5}% 16
\BOOKMARK [2][-]{subsection.5.2}{\376\377\000T\000h\000e\000\040\000S\000t\000r\000o\000n\000g\000\040\000N\000u\000c\000l\000e\000a\000r\000\040\000F\000o\000r\000c\000e}{section.5}% 17
\BOOKMARK [2][-]{subsection.5.3}{\376\377\000E\000v\000i\000d\000e\000n\000c\000e\000\040\000f\000o\000r\000\040\000S\000t\000r\000o\000n\000g\000\040\000N\000u\000c\000l\000e\000a\000r\000\040\000F\000o\000r\000c\000e\000s}{section.5}% 18
\BOOKMARK [1][-]{section.6}{\376\377\000N\000u\000c\000l\000e\000a\000r\000\040\000S\000t\000a\000b\000i\000l\000i\000t\000y}{}% 19
\BOOKMARK [1][-]{section.7}{\376\377\000H\000a\000l\000f\000\040\000L\000i\000v\000e\000s}{}% 20
\BOOKMARK [2][-]{subsection.7.1}{\376\377\000I\000d\000e\000a\000\040\000b\000e\000h\000i\000n\000d\000\040\000t\000h\000e\000\040\000E\000x\000p\000o\000n\000e\000n\000t\000i\000a\000l\000\040\000M\000o\000d\000e\000l}{section.7}% 21
\BOOKMARK [3][-]{subsubsection.7.1.1}{\376\377\000D\000e\000f\000i\000n\000i\000t\000i\000o\000n\000\040\000o\000f\000\040\000t\000h\000e\000\040\000D\000e\000c\000a\000y\000\040\000C\000o\000n\000s\000t\000a\000n\000t}{subsection.7.1}% 22
\BOOKMARK [3][-]{subsubsection.7.1.2}{\376\377\000C\000a\000l\000c\000u\000l\000a\000t\000i\000n\000g\000\040\000t\000h\000e\000\040\000D\000e\000c\000a\000y\000\040\000C\000o\000n\000s\000t\000a\000n\000t}{subsection.7.1}% 23
\BOOKMARK [2][-]{subsection.7.2}{\376\377\000D\000e\000t\000e\000r\000m\000i\000n\000i\000n\000g\000\040\000H\000a\000l\000f\000\040\000L\000i\000v\000e\000s}{section.7}% 24
\BOOKMARK [3][-]{subsubsection.7.2.1}{\376\377\000L\000o\000n\000g\000\040\000H\000a\000l\000f\000-\000L\000i\000v\000e\000s}{subsection.7.2}% 25
\BOOKMARK [3][-]{subsubsection.7.2.2}{\376\377\000S\000h\000o\000r\000t\000\040\000H\000a\000l\000f\000-\000L\000i\000v\000e\000s}{subsection.7.2}% 26
\BOOKMARK [1][-]{section.8}{\376\377\000M\000e\000a\000s\000u\000r\000i\000n\000g\000\040\000R\000a\000d\000i\000o\000a\000c\000t\000i\000v\000e\000\040\000D\000e\000c\000a\000y}{}% 27
\BOOKMARK [2][-]{subsection.8.1}{\376\377\000A\000c\000t\000i\000v\000i\000t\000y\000\040\000a\000n\000d\000\040\000C\000o\000u\000n\000t\000\040\000R\000a\000t\000e}{section.8}% 28
\BOOKMARK [2][-]{subsection.8.2}{\376\377\000B\000a\000c\000k\000g\000r\000o\000u\000n\000d\000\040\000R\000a\000d\000i\000a\000t\000i\000o\000n}{section.8}% 29
\BOOKMARK [1][-]{section.9}{\376\377\000A\000p\000p\000l\000i\000c\000a\000t\000i\000o\000n\000s\000\040\000o\000f\000\040\000R\000a\000d\000i\000o\000a\000c\000t\000i\000v\000e\000\040\000N\000u\000c\000l\000i\000d\000e\000s}{}% 30
\BOOKMARK [2][-]{subsection.9.1}{\376\377\000R\000a\000d\000i\000o\000a\000c\000t\000i\000v\000e\000\040\000D\000a\000t\000i\000n\000g}{section.9}% 31
\BOOKMARK [2][-]{subsection.9.2}{\376\377\000I\000n\000\040\000M\000e\000d\000i\000c\000i\000n\000e}{section.9}% 32
\BOOKMARK [2][-]{subsection.9.3}{\376\377\000M\000a\000t\000e\000r\000i\000a\000l\000s\000\040\000T\000e\000s\000t\000i\000n\000g}{section.9}% 33
\BOOKMARK [1][-]{section.10}{\376\377\000D\000e\000c\000a\000y\000\040\000C\000h\000a\000i\000n\000s}{}% 34
\BOOKMARK [1][-]{section.11}{\376\377\000P\000a\000r\000t\000i\000c\000l\000e\000-\000A\000n\000t\000i\000p\000a\000r\000t\000i\000c\000l\000e\000\040\000P\000a\000i\000r\000s}{}% 35
\BOOKMARK [1][-]{section.12}{\376\377\000E\000x\000a\000m\000\040\000Q\000u\000e\000s\000t\000i\000o\000n\000s}{}% 36
\BOOKMARK [2][-]{subsection.12.1}{\376\377\000M\0002\0003\000\040\000P\000a\000p\000e\000r\000\040\0002\000\040\000T\000Z\0002\000\040\000Q\000u\000e\000s\000t\000i\000o\000n\000\040\0009}{section.12}% 37
\BOOKMARK [2][-]{subsection.12.2}{\376\377\000H\000a\000l\000f\000-\000L\000i\000f\000e\000\040\000a\000n\000d\000\040\000A\000c\000t\000i\000v\000i\000t\000y}{section.12}% 38
\BOOKMARK [2][-]{subsection.12.3}{\376\377\000B\000i\000n\000d\000i\000n\000g\000\040\000E\000n\000e\000r\000g\000y\000\040\000p\000e\000r\000\040\000N\000u\000c\000l\000e\000o\000n}{section.12}% 39
\BOOKMARK [2][-]{subsection.12.4}{\376\377\000A\000n\000t\000i\000p\000a\000r\000t\000i\000c\000l\000e\000s}{section.12}% 40
\BOOKMARK [2][-]{subsection.12.5}{\376\377\000D\000e\000d\000u\000c\000i\000n\000g\000\040\000P\000o\000s\000s\000i\000b\000l\000e\000\040\000C\000h\000a\000i\000n\000s}{section.12}% 41
\BOOKMARK [2][-]{subsection.12.6}{\376\377\000F\000i\000n\000d\000i\000n\000g\000\040\000t\000h\000e\000\040\000B\000a\000c\000k\000g\000r\000o\000u\000n\000d\000\040\000R\000a\000d\000i\000a\000t\000i\000o\000n}{section.12}% 42
\BOOKMARK [2][-]{subsection.12.7}{\376\377\000E\000n\000e\000r\000g\000y\000\040\000L\000e\000v\000e\000l\000s\000\040\040\023\000\040\000B\000e\000t\000a\000\040\000D\000e\000c\000a\000y}{section.12}% 43
\BOOKMARK [2][-]{subsection.12.8}{\376\377\000T\000h\000e\000\040\000D\000e\000c\000a\000y\000\040\000D\000E}{section.12}% 44
