\BOOKMARK [1][-]{section.1}{\376\377\000T\000h\000e\000\040\000K\000e\000l\000v\000i\000n\000\040\000S\000c\000a\000l\000e}{}% 1
\BOOKMARK [1][-]{section.2}{\376\377\000P\000h\000a\000s\000e\000s\000\040\000o\000f\000\040\000M\000a\000t\000t\000e\000r}{}% 2
\BOOKMARK [1][-]{section.3}{\376\377\000T\000e\000m\000p\000e\000r\000a\000t\000u\000r\000e\000\040\000a\000n\000d\000\040\000E\000n\000e\000r\000g\000y}{}% 3
\BOOKMARK [2][-]{subsection.3.1}{\376\377\000I\000n\000t\000e\000r\000n\000a\000l\000\040\000E\000n\000e\000r\000g\000y}{section.3}% 4
\BOOKMARK [2][-]{subsection.3.2}{\376\377\000A\000v\000e\000r\000a\000g\000e\000\040\000K\000i\000n\000e\000t\000i\000c\000\040\000E\000n\000e\000r\000g\000y}{section.3}% 5
\BOOKMARK [2][-]{subsection.3.3}{\376\377\000S\000p\000e\000c\000i\000f\000i\000c\000\040\000H\000e\000a\000t\000\040\000C\000a\000p\000a\000c\000i\000t\000y}{section.3}% 6
\BOOKMARK [2][-]{subsection.3.4}{\376\377\000S\000p\000e\000c\000i\000f\000i\000c\000\040\000L\000a\000t\000e\000n\000t\000\040\000H\000e\000a\000t}{section.3}% 7
\BOOKMARK [1][-]{section.4}{\376\377\000C\000o\000n\000d\000u\000c\000t\000i\000o\000n}{}% 8
\BOOKMARK [2][-]{subsection.4.1}{\376\377\000T\000h\000e\000r\000m\000a\000l\000\040\000C\000o\000n\000d\000u\000c\000t\000i\000v\000i\000t\000y}{section.4}% 9
\BOOKMARK [1][-]{section.5}{\376\377\000C\000o\000n\000v\000e\000c\000t\000i\000o\000n}{}% 10
\BOOKMARK [2][-]{subsection.5.1}{\376\377\000S\000e\000a\000\040\000B\000r\000e\000e\000z\000e\000s}{section.5}% 11
\BOOKMARK [2][-]{subsection.5.2}{\376\377\000C\000o\000n\000v\000e\000c\000t\000i\000o\000n\000\040\000i\000n\000\040\000E\000a\000r\000t\000h}{section.5}% 12
\BOOKMARK [2][-]{subsection.5.3}{\376\377\000W\000i\000n\000d\000s}{section.5}% 13
\BOOKMARK [2][-]{subsection.5.4}{\376\377\000H\000o\000t\000\040\000A\000i\000r\000\040\000B\000a\000l\000l\000o\000o\000n\000s}{section.5}% 14
\BOOKMARK [2][-]{subsection.5.5}{\376\377\000M\000i\000n\000i\000m\000i\000z\000i\000n\000g\000\040\000C\000o\000n\000v\000e\000c\000t\000i\000o\000n\000\040\000C\000u\000r\000r\000e\000n\000t}{section.5}% 15
\BOOKMARK [1][-]{section.6}{\376\377\000T\000h\000e\000r\000m\000a\000l\000\040\000R\000a\000d\000i\000a\000t\000i\000o\000n}{}% 16
\BOOKMARK [1][-]{section.7}{\376\377\000B\000l\000a\000c\000k\000\040\000B\000o\000d\000y\000\040\000R\000a\000d\000i\000a\000t\000i\000o\000n}{}% 17
\BOOKMARK [2][-]{subsection.7.1}{\376\377\000T\000h\000e\000\040\000E\000m\000i\000s\000s\000i\000o\000n\000\040\000S\000p\000e\000c\000t\000r\000u\000m}{section.7}% 18
\BOOKMARK [2][-]{subsection.7.2}{\376\377\000W\000i\000e\000n\000'\000s\000\040\000D\000i\000s\000p\000l\000a\000c\000e\000m\000e\000n\000t\000\040\000L\000a\000w}{section.7}% 19
\BOOKMARK [2][-]{subsection.7.3}{\376\377\000S\000t\000e\000f\000a\000n\000-\000B\000o\000l\000t\000z\000m\000a\000n\000n\000\040\000L\000a\000w}{section.7}% 20
\BOOKMARK [2][-]{subsection.7.4}{\376\377\000O\000b\000s\000e\000r\000v\000a\000t\000i\000o\000n\000a\000l\000\040\000A\000s\000t\000r\000o\000n\000o\000m\000y}{section.7}% 21
\BOOKMARK [2][-]{subsection.7.5}{\376\377\000A\000p\000p\000a\000r\000e\000n\000t\000\040\000B\000r\000i\000g\000h\000t\000n\000e\000s\000s}{section.7}% 22
\BOOKMARK [1][-]{section.8}{\376\377\000E\000x\000a\000m\000\040\000Q\000u\000e\000s\000t\000i\000o\000n\000s}{}% 23
\BOOKMARK [2][-]{subsection.8.1}{\376\377\000I\000n\000t\000e\000n\000s\000i\000t\000y\000\040\000W\000a\000v\000e\000l\000e\000n\000g\000t\000h\000\040\000C\000u\000r\000v\000e}{section.8}% 24
\BOOKMARK [2][-]{subsection.8.2}{\376\377\000M\000i\000s\000c\000\040\000\043\0001}{section.8}% 25
\BOOKMARK [2][-]{subsection.8.3}{\376\377\000E\000q\000u\000i\000l\000i\000b\000r\000i\000u\000m\000\040\000T\000e\000m\000p\000e\000r\000a\000t\000u\000r\000e\000\040\000\043\0001}{section.8}% 26
\BOOKMARK [2][-]{subsection.8.4}{\376\377\000T\000h\000e\000r\000m\000a\000l\000\040\000C\000o\000n\000d\000u\000c\000t\000i\000v\000i\000t\000y\000\040\040\023\000\040\000R\000a\000t\000i\000o\000s}{section.8}% 27
\BOOKMARK [2][-]{subsection.8.5}{\376\377\000A\000i\000r\000,\000\040\000I\000c\000e\000,\000\040\000a\000n\000d\000\040\000W\000a\000t\000e\000r}{section.8}% 28
\BOOKMARK [2][-]{subsection.8.6}{\376\377\000T\000h\000e\000r\000m\000a\000l\000\040\000C\000o\000n\000d\000u\000c\000t\000i\000o\000n\000\040\000\043\0001}{section.8}% 29
\BOOKMARK [2][-]{subsection.8.7}{\376\377\000C\000o\000n\000d\000u\000c\000t\000i\000o\000n\000\040\000o\000r\000\040\000C\000o\000n\000v\000e\000c\000t\000i\000o\000n\000?}{section.8}% 30
\BOOKMARK [2][-]{subsection.8.8}{\376\377\000I\000d\000e\000a\000l\000l\000y\000\040\000L\000a\000g\000g\000e\000d\000\040\000v\000s\000.\000\040\000U\000n\000l\000a\000g\000g\000e\000d\000\040\000R\000o\000d}{section.8}% 31
\BOOKMARK [2][-]{subsection.8.9}{\376\377\000H\000e\000a\000t\000\040\000P\000r\000o\000p\000a\000g\000a\000t\000i\000o\000n\000\040\000t\000h\000r\000o\000u\000g\000h\000\040\000C\000u\000b\000e\000s\000\040\040\023\000\040\000R\000a\000t\000i\000o\000s}{section.8}% 32
\BOOKMARK [2][-]{subsection.8.10}{\376\377\000T\000w\000o\000\040\000B\000l\000o\000c\000k\000s\000\040\000i\000n\000\040\000C\000o\000n\000t\000a\000c\000t}{section.8}% 33
\BOOKMARK [2][-]{subsection.8.11}{\376\377\000H\000a\000r\000d\000\040\000M\000C\000Q\000\040\040\023\000\040\000E\000q\000u\000i\000l\000i\000b\000r\000i\000u\000m\000\040\000o\000f\000\040\000M\000i\000x\000t\000u\000r\000e\000s}{section.8}% 34
\BOOKMARK [2][-]{subsection.8.12}{\376\377\000M\000o\000l\000e\000s\000\040\000a\000n\000d\000\040\000M\000o\000l\000a\000r\000\040\000M\000a\000s\000s\000e\000s\000\040\000i\000n\000\040\000a\000\040\000M\000i\000x\000t\000u\000r\000e}{section.8}% 35
