\BOOKMARK [1][-]{section.1}{\376\377\000P\000r\000e\000s\000s\000u\000r\000e}{}% 1
\BOOKMARK [2][-]{subsection.1.1}{\376\377\000A\000v\000o\000g\000a\000d\000r\000o\000'\000s\000\040\000N\000u\000m\000b\000e\000r\000\040\000a\000n\000d\000\040\000t\000h\000e\000\040\000M\000o\000l\000e}{section.1}% 2
\BOOKMARK [3][-]{subsubsection.1.1.1}{\376\377\000M\000o\000l\000a\000r\000\040\000M\000a\000s\000s}{subsection.1.1}% 3
\BOOKMARK [1][-]{section.2}{\376\377\000G\000a\000s\000\040\000L\000a\000w\000s}{}% 4
\BOOKMARK [2][-]{subsection.2.1}{\376\377\000B\000o\000y\000l\000e\000'\000s\000\040\000L\000a\000w}{section.2}% 5
\BOOKMARK [2][-]{subsection.2.2}{\376\377\000C\000h\000a\000r\000l\000e\000s\000'\000\040\000L\000a\000w}{section.2}% 6
\BOOKMARK [2][-]{subsection.2.3}{\376\377\000G\000a\000y\000-\000L\000u\000s\000s\000a\000c\000'\000s\000\040\000L\000a\000w}{section.2}% 7
\BOOKMARK [2][-]{subsection.2.4}{\376\377\000A\000v\000o\000g\000a\000d\000r\000o\000'\000s\000\040\000L\000a\000w}{section.2}% 8
\BOOKMARK [2][-]{subsection.2.5}{\376\377\000T\000h\000e\000\040\000I\000d\000e\000a\000l\000\040\000G\000a\000s\000\040\000L\000a\000w}{section.2}% 9
\BOOKMARK [3][-]{subsubsection.2.5.1}{\376\377\000P\000r\000o\000p\000o\000r\000t\000i\000o\000n\000a\000l\000i\000t\000y\000\040\000F\000o\000r\000m}{subsection.2.5}% 10
\BOOKMARK [3][-]{subsubsection.2.5.2}{\376\377\000L\000i\000n\000k\000\040\000t\000o\000\040\000I\000n\000t\000e\000r\000n\000a\000l\000\040\000E\000n\000e\000r\000g\000y}{subsection.2.5}% 11
\BOOKMARK [1][-]{section.3}{\376\377\000B\000r\000o\000w\000n\000i\000a\000n\000\040\000M\000o\000t\000i\000o\000n}{}% 12
\BOOKMARK [1][-]{section.4}{\376\377\000K\000i\000n\000e\000t\000i\000c\000\040\000M\000o\000d\000e\000l\000\040\000o\000f\000\040\000I\000d\000e\000a\000l\000\040\000G\000a\000s\000e\000s}{}% 13
\BOOKMARK [2][-]{subsection.4.1}{\376\377\000A\000s\000s\000u\000m\000p\000t\000i\000o\000n\000s\000\040\000o\000f\000\040\000t\000h\000e\000\040\000M\000o\000d\000e\000l}{section.4}% 14
\BOOKMARK [2][-]{subsection.4.2}{\376\377\000T\000h\000e\000\040\000M\000o\000d\000e\000l}{section.4}% 15
\BOOKMARK [2][-]{subsection.4.3}{\376\377\000T\000e\000m\000p\000e\000r\000a\000t\000u\000r\000e}{section.4}% 16
\BOOKMARK [2][-]{subsection.4.4}{\376\377\000I\000d\000e\000a\000l\000\040\000v\000s\000.\000\040\000R\000e\000a\000l\000\040\000G\000a\000s\000e\000s}{section.4}% 17
\BOOKMARK [3][-]{subsubsection.4.4.1}{\376\377\000C\000o\000n\000d\000i\000t\000i\000o\000n\000s\000\040\000f\000o\000r\000\040\000A\000p\000p\000r\000o\000x\000i\000m\000a\000t\000i\000n\000g\000\040\000I\000d\000e\000a\000l\000\040\000G\000a\000s}{subsection.4.4}% 18
\BOOKMARK [1][-]{section.5}{\376\377\000E\000x\000a\000m\000\040\000Q\000u\000e\000s\000t\000i\000o\000n\000s}{}% 19
\BOOKMARK [2][-]{subsection.5.1}{\376\377\000Q\000u\000i\000c\000k\000-\000F\000i\000r\000e\000\040\000M\000C\000Q\000\040\000\043\0001}{section.5}% 20
\BOOKMARK [2][-]{subsection.5.2}{\376\377\000A\000i\000r\000\040\000M\000i\000x\000t\000u\000r\000e\000\040\000a\000n\000d\000\040\000D\000i\000f\000f\000e\000r\000e\000n\000t\000\040\000M\000o\000l\000e\000c\000u\000l\000a\000r\000\040\000S\000p\000e\000e\000d\000s}{section.5}% 21
\BOOKMARK [2][-]{subsection.5.3}{\376\377\000A\000b\000s\000o\000l\000u\000t\000e\000\040\000Z\000e\000r\000o}{section.5}% 22
\BOOKMARK [2][-]{subsection.5.4}{\376\377\000E\000x\000p\000l\000a\000i\000n\000i\000n\000g\000\040\000P\000r\000e\000s\000s\000u\000r\000e\000\040\000I\000n\000c\000r\000e\000a\000s\000e\000\040\000d\000u\000e\000\040\000t\000o\000\040\000T\000e\000m\000p\000e\000r\000a\000t\000u\000r\000e}{section.5}% 23
\BOOKMARK [2][-]{subsection.5.5}{\376\377\000M\000i\000s\000c\000e\000l\000l\000a\000n\000e\000o\000u\000s\000\040\000\043\0001}{section.5}% 24
\BOOKMARK [2][-]{subsection.5.6}{\376\377\000I\000s\000o\000t\000o\000p\000e\000\040\000a\000n\000d\000\040\000M\000a\000s\000s}{section.5}% 25
\BOOKMARK [2][-]{subsection.5.7}{\376\377\000I\000d\000e\000a\000l\000\040\000G\000a\000s\000\040\000L\000a\000w\000\040\000R\000a\000t\000i\000o\000s}{section.5}% 26
\BOOKMARK [2][-]{subsection.5.8}{\376\377\000C\000o\000m\000m\000o\000n\000\040\000P\000i\000t\000f\000a\000l\000l\000\040\040\023\000\040\000I\000n\000c\000r\000e\000a\000s\000e\000\040\000i\000n\000\040\000P\000r\000e\000s\000s\000u\000r\000e}{section.5}% 27
\BOOKMARK [2][-]{subsection.5.9}{\376\377\000C\000o\000m\000m\000o\000n\000\040\000S\000e\000n\000s\000e\000\040\000\050\000n\000o\000\040\000o\000f\000f\000e\000n\000s\000e\000\051}{section.5}% 28
\BOOKMARK [2][-]{subsection.5.10}{\376\377\000S\000i\000m\000u\000l\000t\000a\000n\000e\000o\000u\000s\000\040\000C\000h\000a\000n\000g\000e\000s}{section.5}% 29
