\BOOKMARK [1][-]{section.1}{\376\377\000N\000o\000t\000e\000s\000\040\000o\000n\000\040\000G\000r\000a\000p\000h\000i\000c\000a\000l\000\040\000N\000o\000t\000a\000t\000i\000o\000n}{}% 1
\BOOKMARK [1][-]{section.2}{\376\377\000F\000i\000e\000l\000d\000\040\000S\000t\000r\000e\000n\000g\000t\000h\000\040\000a\000r\000o\000u\000n\000d\000\040\000a\000\040\000C\000u\000r\000r\000e\000n\000t\000-\000C\000a\000r\000r\000y\000i\000n\000g\000\040\000W\000i\000r\000e}{}% 2
\BOOKMARK [1][-]{section.3}{\376\377\000M\000o\000t\000i\000o\000n\000\040\040\024\000\040\000S\000t\000r\000a\000i\000g\000h\000t\000\040\000W\000i\000r\000e\000\040\000a\000n\000d\000\040\000B\000a\000r\000\040\000M\000a\000g\000n\000e\000t}{}% 3
\BOOKMARK [2][-]{subsection.3.1}{\376\377\000D\000i\000r\000e\000c\000t\000i\000o\000n}{section.3}% 4
\BOOKMARK [2][-]{subsection.3.2}{\376\377\000M\000a\000g\000n\000i\000t\000u\000d\000e}{section.3}% 5
\BOOKMARK [1][-]{section.4}{\376\377\000M\000o\000t\000i\000o\000n\000\040\040\024\000\040\000T\000w\000o\000\040\000C\000u\000r\000r\000e\000n\000t\000-\000C\000a\000r\000r\000y\000i\000n\000g\000\040\000W\000i\000r\000e}{}% 6
\BOOKMARK [2][-]{subsection.4.1}{\376\377\000D\000i\000r\000e\000c\000t\000i\000o\000n}{section.4}% 7
\BOOKMARK [2][-]{subsection.4.2}{\376\377\000M\000a\000g\000n\000i\000t\000u\000d\000e}{section.4}% 8
\BOOKMARK [2][-]{subsection.4.3}{\376\377\000N\000e\000t\000\040\000F\000o\000r\000c\000e\000\040\000o\000n\000\040\000a\000\040\000L\000o\000o\000p}{section.4}% 9
\BOOKMARK [1][-]{section.5}{\376\377\000M\000o\000v\000i\000n\000g\000\040\000C\000h\000a\000r\000g\000e}{}% 10
\BOOKMARK [2][-]{subsection.5.1}{\376\377\000U\000n\000i\000f\000o\000r\000m\000\040\000E\000l\000e\000c\000t\000r\000i\000c\000\040\000F\000i\000e\000l\000d}{section.5}% 11
\BOOKMARK [2][-]{subsection.5.2}{\376\377\000U\000n\000i\000f\000o\000r\000m\000\040\000M\000a\000g\000n\000e\000t\000i\000c\000\040\000F\000i\000e\000l\000d}{section.5}% 12
\BOOKMARK [2][-]{subsection.5.3}{\376\377\000P\000e\000r\000p\000e\000n\000d\000i\000c\000u\000l\000a\000r\000\040\000M\000a\000g\000n\000e\000t\000i\000c\000\040\000a\000n\000d\000\040\000E\000l\000e\000c\000t\000r\000i\000c\000\040\000F\000i\000e\000l\000d\000s}{section.5}% 13
\BOOKMARK [1][-]{section.6}{\376\377\000T\000h\000e\000\040\000C\000h\000a\000r\000g\000e\000-\000M\000a\000s\000s\000\040\000R\000a\000t\000i\000o\000\040\000D\000e\000r\000i\000v\000a\000t\000i\000o\000n}{}% 14
\BOOKMARK [1][-]{section.7}{\376\377\000E\000x\000a\000m\000\040\000Q\000u\000e\000s\000t\000i\000o\000n\000s}{}% 15
\BOOKMARK [2][-]{subsection.7.1}{\376\377\000A\000\040\000W\000i\000r\000e\000\040\000a\000n\000d\000\040\000T\000h\000e\000\040\000M\000o\000t\000o\000r\000\040\000E\000f\000f\000e\000c\000t}{section.7}% 16
\BOOKMARK [2][-]{subsection.7.2}{\376\377\000F\000r\000a\000m\000e\000w\000o\000r\000k\000\040\040\023\000\040\000E\000x\000p\000l\000a\000i\000n\000i\000n\000g\000\040\000t\000h\000e\000\040\000F\000o\000r\000c\000e\000\040\000o\000n\000\040\000a\000\040\000W\000i\000r\000e}{section.7}% 17
\BOOKMARK [2][-]{subsection.7.3}{\376\377\000P\000a\000t\000h\000\040\000C\000u\000r\000v\000a\000t\000u\000r\000e\000\040\000i\000n\000\040\000M\000a\000g\000n\000e\000t\000i\000c\000\040\000F\000i\000e\000l\000d}{section.7}% 18
\BOOKMARK [2][-]{subsection.7.4}{\376\377\000C\000o\000m\000b\000i\000n\000i\000n\000g\000\040\000T\000w\000o\000\040\000R\000u\000l\000e\000s}{section.7}% 19
\BOOKMARK [2][-]{subsection.7.5}{\376\377\000T\000r\000i\000c\000k\000\040\000M\000C\000Q}{section.7}% 20
