\BOOKMARK [1][-]{section.1}{\376\377\000W\000a\000v\000e\000f\000r\000o\000n\000t\000s\000\040\000a\000n\000d\000\040\000R\000a\000y\000s}{}% 1
\BOOKMARK [1][-]{section.2}{\376\377\000R\000e\000f\000r\000a\000c\000t\000i\000o\000n}{}% 2
\BOOKMARK [2][-]{subsection.2.1}{\376\377\000S\000n\000e\000l\000l\000'\000s\000\040\000L\000a\000w}{section.2}% 3
\BOOKMARK [2][-]{subsection.2.2}{\376\377\000C\000r\000i\000t\000i\000c\000a\000l\000\040\000A\000n\000g\000l\000e}{section.2}% 4
\BOOKMARK [2][-]{subsection.2.3}{\376\377\000C\000h\000a\000i\000n\000i\000n\000g\000\040\000R\000e\000f\000r\000a\000c\000t\000i\000o\000n\000s}{section.2}% 5
\BOOKMARK [1][-]{section.3}{\376\377\000R\000e\000f\000l\000e\000c\000t\000i\000o\000n}{}% 6
\BOOKMARK [1][-]{section.4}{\376\377\000D\000o\000u\000b\000l\000e\000\040\000S\000o\000u\000r\000c\000e\000\040\000I\000n\000t\000e\000r\000f\000e\000r\000e\000n\000c\000e}{}% 7
\BOOKMARK [1][-]{section.5}{\376\377\000D\000i\000f\000f\000r\000a\000c\000t\000i\000o\000n}{}% 8
\BOOKMARK [1][-]{section.6}{\376\377\000D\000o\000u\000b\000l\000e\000\040\000S\000l\000i\000t\000\040\000D\000i\000f\000f\000r\000a\000c\000t\000i\000o\000n}{}% 9
\BOOKMARK [1][-]{section.7}{\376\377\000S\000i\000n\000g\000l\000e\000\040\000S\000l\000i\000t\000\040\000D\000i\000f\000f\000r\000a\000c\000t\000i\000o\000n}{}% 10
\BOOKMARK [1][-]{section.8}{\376\377\000C\000o\000m\000b\000i\000n\000e\000d\000\040\000E\000f\000f\000e\000c\000t}{}% 11
\BOOKMARK [1][-]{section.9}{\376\377\000M\000u\000l\000t\000i\000-\000S\000l\000i\000t\000\040\000D\000i\000f\000f\000r\000a\000c\000t\000i\000o\000n}{}% 12
\BOOKMARK [2][-]{subsection.9.1}{\376\377\000D\000i\000f\000f\000r\000a\000c\000t\000i\000o\000n\000\040\000G\000r\000a\000t\000i\000n\000g}{section.9}% 13
\BOOKMARK [2][-]{subsection.9.2}{\376\377\000G\000r\000a\000t\000i\000n\000g\000\040\000S\000p\000a\000c\000i\000n\000g}{section.9}% 14
\BOOKMARK [1][-]{section.10}{\376\377\000E\000x\000a\000m\000\040\000Q\000u\000e\000s\000t\000i\000o\000n\000s}{}% 15
\BOOKMARK [2][-]{subsection.10.1}{\376\377\000M\000a\000y\000\040\0002\0000\0002\0003\000\040\000P\000a\000p\000e\000r\000\040\0002\000\040\000H\000L\000\040\000T\000Z\0001\000\040\000Q\000u\000e\000s\000t\000i\000o\000n\000\040\0003}{section.10}% 16
\BOOKMARK [2][-]{subsection.10.2}{\376\377\000M\000a\000y\000\040\0002\0000\0002\0003\000\040\000P\000a\000p\000e\000r\000\040\0002\000\040\000S\000L\000\040\000T\000Z\0001\000\040\000Q\000u\000e\000s\000t\000i\000o\000n\000\040\0003}{section.10}% 17
\BOOKMARK [2][-]{subsection.10.3}{\376\377\000M\000a\000y\000\040\0002\0000\0001\0009\000\040\000P\000a\000p\000e\000r\000\040\0002\000\040\000S\000L\000\040\000T\000Z\0001\000\040\000Q\000u\000e\000s\000t\000i\000o\000n\000\040\0003}{section.10}% 18
\BOOKMARK [2][-]{subsection.10.4}{\376\377\000D\000i\000f\000f\000r\000a\000c\000t\000i\000o\000n\000\040\000G\000r\000a\000t\000i\000n\000g\000\040\000a\000n\000d\000\040\000P\000a\000r\000t\000i\000c\000l\000e\000\040\000S\000c\000a\000t\000t\000e\000r\000i\000n\000g}{section.10}% 19
\BOOKMARK [2][-]{subsection.10.5}{\376\377\000M\000a\000y\000\040\0002\0000\0002\0001\000\040\000P\000a\000p\000e\000r\000\040\0002\000\040\000H\000L\000\040\000T\000Z\0002\000\040\000Q\000u\000e\000s\000t\000i\000o\000n\000\040\0008}{section.10}% 20
\BOOKMARK [2][-]{subsection.10.6}{\376\377\000A\000p\000p\000l\000y\000i\000n\000g\000\040\000t\000h\000e\000\040\000S\000n\000e\000l\000l\000\040\000E\000q\000u\000a\000l\000i\000t\000y\000\040\000C\000h\000a\000i\000n}{section.10}% 21
\BOOKMARK [2][-]{subsection.10.7}{\376\377\000C\000o\000l\000o\000r\000s}{section.10}% 22
\BOOKMARK [2][-]{subsection.10.8}{\376\377\000O\000b\000s\000e\000r\000v\000a\000b\000l\000e\000\040\000M\000a\000x\000i\000m\000a}{section.10}% 23
\BOOKMARK [2][-]{subsection.10.9}{\376\377\000O\000b\000s\000e\000r\000v\000a\000b\000l\000e\000\040\000M\000a\000x\000i\000m\000a\000\040\000\050\000R\000V\000\040\000V\000a\000r\000i\000a\000n\000t\000\051}{section.10}% 24
\BOOKMARK [2][-]{subsection.10.10}{\376\377\000P\000a\000t\000h\000\040\000a\000n\000d\000\040\000P\000h\000a\000s\000e\000\040\000D\000i\000f\000f\000.}{section.10}% 25
