\BOOKMARK [1][-]{section.1}{\376\377\000S\000y\000s\000t\000e\000m\000\040\000a\000n\000d\000\040\000S\000u\000r\000r\000o\000u\000n\000d\000i\000n\000g\000s}{}% 1
\BOOKMARK [1][-]{section.2}{\376\377\000F\000i\000r\000s\000t\000\040\000L\000a\000w\000\040\000o\000f\000\040\000T\000h\000e\000r\000m\000o\000d\000y\000n\000a\000m\000i\000c\000s}{}% 2
\BOOKMARK [2][-]{subsection.2.1}{\376\377\000P\000i\000s\000t\000o\000n\000\040\040\023\000\040\000C\000o\000m\000m\000o\000n\000\040\000S\000c\000e\000n\000a\000r\000i\000o\000\040\000A\000n\000a\000l\000y\000s\000i\000s}{section.2}% 3
\BOOKMARK [1][-]{section.3}{\376\377\000P\000r\000e\000s\000s\000u\000r\000e\000-\000V\000o\000l\000u\000m\000e\000\040\000G\000r\000a\000p\000h\000s}{}% 4
\BOOKMARK [2][-]{subsection.3.1}{\376\377\000G\000r\000a\000p\000h\000i\000c\000a\000l\000\040\000I\000n\000t\000e\000r\000p\000r\000e\000t\000a\000t\000i\000o\000n}{section.3}% 5
\BOOKMARK [1][-]{section.4}{\376\377\000T\000y\000p\000e\000s\000\040\000o\000f\000\040\000C\000h\000a\000n\000g\000e\000s\000\040\000i\000n\000\040\000a\000\040\000G\000a\000s}{}% 6
\BOOKMARK [2][-]{subsection.4.1}{\376\377\000I\000s\000o\000b\000a\000r\000i\000c\000\040\000C\000h\000a\000n\000g\000e}{section.4}% 7
\BOOKMARK [2][-]{subsection.4.2}{\376\377\000I\000s\000o\000v\000o\000l\000u\000m\000e\000t\000r\000i\000c\000\040\000C\000h\000a\000n\000g\000e}{section.4}% 8
\BOOKMARK [2][-]{subsection.4.3}{\376\377\000I\000s\000o\000t\000h\000e\000r\000m\000a\000l\000\040\000C\000h\000a\000n\000g\000e}{section.4}% 9
\BOOKMARK [2][-]{subsection.4.4}{\376\377\000A\000d\000i\000a\000b\000a\000t\000i\000c\000\040\000C\000h\000a\000n\000g\000e}{section.4}% 10
\BOOKMARK [2][-]{subsection.4.5}{\376\377\000C\000o\000m\000b\000i\000n\000i\000n\000g\000\040\000D\000i\000f\000f\000e\000r\000e\000n\000t\000\040\000T\000y\000p\000e\000s\000\040\000o\000f\000\040\000C\000h\000a\000n\000g\000e\000s}{section.4}% 11
\BOOKMARK [1][-]{section.5}{\376\377\000H\000e\000a\000t\000\040\000C\000y\000c\000l\000e\000\040\000a\000n\000d\000\040\000E\000n\000g\000i\000n\000e\000s}{}% 12
\BOOKMARK [2][-]{subsection.5.1}{\376\377\000T\000h\000e\000\040\000C\000a\000r\000n\000o\000t\000\040\000C\000y\000c\000l\000e}{section.5}% 13
\BOOKMARK [3][-]{subsubsection.5.1.1}{\376\377\000E\000f\000f\000i\000c\000i\000e\000n\000c\000y}{subsection.5.1}% 14
\BOOKMARK [2][-]{subsection.5.2}{\376\377\000R\000e\000f\000r\000i\000g\000e\000r\000a\000t\000o\000r\000s\000\040\000a\000n\000d\000\040\000H\000e\000a\000t\000\040\000P\000u\000m\000p\000s}{section.5}% 15
\BOOKMARK [3][-]{subsubsection.5.2.1}{\376\377\000R\000e\000f\000r\000i\000g\000e\000r\000a\000t\000o\000r\000s}{subsection.5.2}% 16
\BOOKMARK [2][-]{subsection.5.3}{\376\377\000H\000e\000a\000t\000\040\000P\000u\000m\000p\000s}{section.5}% 17
\BOOKMARK [1][-]{section.6}{\376\377\000T\000h\000e\000\040\000S\000e\000c\000o\000n\000d\000\040\000L\000a\000w\000\040\000o\000f\000\040\000T\000h\000e\000r\000m\000o\000d\000y\000n\000a\000m\000i\000c\000s}{}% 18
\BOOKMARK [1][-]{section.7}{\376\377\000E\000n\000t\000r\000o\000p\000y}{}% 19
\BOOKMARK [2][-]{subsection.7.1}{\376\377\000A\000\040\000M\000a\000c\000r\000o\000s\000c\000o\000p\000i\000c\000\040\000I\000n\000t\000e\000r\000p\000r\000e\000t\000a\000t\000i\000o\000n}{section.7}% 20
\BOOKMARK [3][-]{subsubsection.7.1.1}{\376\377\000E\000n\000t\000r\000o\000p\000y\000\040\000f\000o\000r\000\040\000I\000r\000r\000e\000v\000e\000r\000s\000i\000b\000l\000e\000\040\000C\000h\000a\000n\000g\000e\000s}{subsection.7.1}% 21
\BOOKMARK [2][-]{subsection.7.2}{\376\377\000A\000\040\000M\000i\000c\000r\000o\000s\000c\000o\000p\000i\000c\000\040\000I\000n\000t\000e\000r\000p\000r\000e\000t\000a\000t\000i\000o\000n}{section.7}% 22
\BOOKMARK [3][-]{subsubsection.7.2.1}{\376\377\000A\000l\000t\000e\000r\000n\000a\000t\000i\000v\000e\000\040\000D\000e\000f\000i\000n\000i\000t\000i\000o\000n}{subsection.7.2}% 23
\BOOKMARK [2][-]{subsection.7.3}{\376\377\000M\000i\000c\000r\000o\000s\000t\000a\000t\000e\000\040\000v\000s\000.\000\040\000M\000a\000c\000r\000o\000s\000t\000a\000t\000e}{section.7}% 24
\BOOKMARK [1][-]{section.8}{\376\377\000E\000x\000a\000m\000\040\000Q\000u\000e\000s\000t\000i\000o\000n\000s}{}% 25
\BOOKMARK [2][-]{subsection.8.1}{\376\377\000I\000d\000e\000n\000t\000i\000f\000y\000i\000n\000g\000\040\000P\000r\000o\000c\000e\000s\000s\000e\000s}{section.8}% 26
\BOOKMARK [2][-]{subsection.8.2}{\376\377\000M\000i\000c\000r\000o\000s\000t\000a\000t\000e\000\040\000C\000a\000l\000c\000u\000l\000a\000t\000i\000o\000n\000s}{section.8}% 27
\BOOKMARK [2][-]{subsection.8.3}{\376\377\000E\000n\000t\000r\000o\000p\000y\000\040\000a\000n\000d\000\040\000I\000r\000r\000e\000v\000e\000r\000s\000i\000b\000l\000e\000\040\000P\000r\000o\000c\000e\000s\000s\000e\000s}{section.8}% 28
\BOOKMARK [2][-]{subsection.8.4}{\376\377\000M\000i\000c\000r\000o\000s\000t\000a\000t\000e\000\040\000C\000a\000l\000c\000u\000l\000a\000t\000i\000o\000n\000s\000\040\000\050\0002\000\051}{section.8}% 29
\BOOKMARK [2][-]{subsection.8.5}{\376\377\000M\000a\000y\000\040\0002\0000\0001\0009\000\040\000P\000a\000p\000e\000r\000\040\0003\000\040\000T\000Z\0002\000\040\000H\000L\000\040\000Q\000u\000e\000s\000t\000i\000o\000n\000\040\0009}{section.8}% 30
\BOOKMARK [2][-]{subsection.8.6}{\376\377\000M\000a\000y\000\040\0002\0000\0001\0009\000\040\000P\000a\000p\000e\000r\000\040\0003\000\040\000T\000Z\0002\000\040\000H\000L\000\040\000Q\000u\000e\000s\000t\000i\000o\000n\000\040\0001\0002}{section.8}% 31
\BOOKMARK [2][-]{subsection.8.7}{\376\377\000A\000\040\000N\000i\000c\000e\000\040\000C\000y\000c\000l\000e}{section.8}% 32
\BOOKMARK [2][-]{subsection.8.8}{\376\377\000M\0002\0003\000\040\000P\000a\000p\000e\000r\000\040\0003\000\040\000S\000L\000\040\000T\000Z\0001\000\040\000Q\000u\000e\000s\000t\000i\000o\000n\000\040\0007}{section.8}% 33
\BOOKMARK [2][-]{subsection.8.9}{\376\377\000M\0002\0003\000\040\000P\000a\000p\000e\000r\000\040\0003\000\040\000T\000Z\0002\000\040\000H\000L\000\040\000Q\000u\000e\000s\000t\000i\000o\000n\000\040\0007}{section.8}% 34
