\BOOKMARK [1][-]{section.1}{\376\377\000E\000l\000e\000c\000t\000r\000i\000c\000\040\000C\000o\000n\000d\000u\000c\000t\000i\000o\000n}{}% 1
\BOOKMARK [1][-]{section.2}{\376\377\000C\000u\000r\000r\000e\000n\000t\000\040\000a\000n\000d\000\040\000C\000h\000a\000r\000g\000e}{}% 2
\BOOKMARK [2][-]{subsection.2.1}{\376\377\000C\000h\000a\000r\000g\000e\000\040\000a\000n\000d\000\040\000E\000l\000e\000c\000t\000r\000o\000n\000s}{section.2}% 3
\BOOKMARK [1][-]{section.3}{\376\377\000E\000l\000e\000c\000t\000r\000i\000c\000\040\000P\000o\000t\000e\000n\000t\000i\000a\000l\000\040\000D\000i\000f\000f\000e\000r\000e\000n\000c\000e}{}% 4
\BOOKMARK [1][-]{section.4}{\376\377\000E\000l\000e\000c\000t\000r\000o\000m\000o\000t\000i\000v\000e\000\040\000F\000o\000r\000c\000e}{}% 5
\BOOKMARK [1][-]{section.5}{\376\377\000P\000o\000w\000e\000r}{}% 6
\BOOKMARK [1][-]{section.6}{\376\377\000M\000e\000a\000s\000u\000r\000e\000m\000e\000n\000t\000\040\000D\000e\000v\000i\000c\000e\000s}{}% 7
\BOOKMARK [1][-]{section.7}{\376\377\000E\000l\000e\000c\000t\000r\000i\000c\000a\000l\000\040\000R\000e\000s\000i\000s\000t\000a\000n\000c\000e}{}% 8
\BOOKMARK [2][-]{subsection.7.1}{\376\377\000O\000h\000m\000'\000s\000\040\000L\000a\000w}{section.7}% 9
\BOOKMARK [2][-]{subsection.7.2}{\376\377\000N\000o\000n\000-\000O\000h\000m\000i\000c\000\040\000B\000e\000h\000a\000v\000i\000o\000r}{section.7}% 10
\BOOKMARK [2][-]{subsection.7.3}{\376\377\000R\000e\000s\000i\000s\000t\000i\000v\000i\000t\000y}{section.7}% 11
\BOOKMARK [1][-]{section.8}{\376\377\000C\000i\000r\000c\000u\000i\000t\000\040\000A\000r\000r\000a\000n\000g\000e\000m\000e\000n\000t\000s}{}% 12
\BOOKMARK [2][-]{subsection.8.1}{\376\377\000S\000e\000r\000i\000e\000s\000\040\000C\000o\000n\000n\000e\000c\000t\000i\000o\000n}{section.8}% 13
\BOOKMARK [2][-]{subsection.8.2}{\376\377\000P\000a\000r\000a\000l\000l\000e\000l\000\040\000C\000o\000n\000n\000e\000c\000t\000i\000o\000n}{section.8}% 14
\BOOKMARK [1][-]{section.9}{\376\377\000V\000a\000r\000i\000a\000b\000l\000e\000\040\000R\000e\000s\000i\000s\000t\000o\000r\000s}{}% 15
\BOOKMARK [2][-]{subsection.9.1}{\376\377\000T\000h\000e\000r\000m\000i\000s\000t\000o\000r\000s}{section.9}% 16
\BOOKMARK [2][-]{subsection.9.2}{\376\377\000L\000D\000R}{section.9}% 17
\BOOKMARK [2][-]{subsection.9.3}{\376\377\000V\000a\000r\000i\000a\000b\000l\000e\000\040\000R\000e\000s\000i\000s\000t\000o\000r\000s}{section.9}% 18
\BOOKMARK [2][-]{subsection.9.4}{\376\377\000P\000o\000t\000e\000n\000t\000i\000a\000l\000\040\000D\000i\000v\000i\000d\000e\000r\000s\000\040\000a\000n\000d\000\040\000P\000o\000t\000e\000n\000t\000i\000o\000m\000e\000t\000e\000r\000s}{section.9}% 19
\BOOKMARK [1][-]{section.10}{\376\377\000C\000e\000l\000l\000s\000\040\000a\000n\000d\000\040\000B\000a\000t\000t\000e\000r\000i\000e\000s}{}% 20
\BOOKMARK [2][-]{subsection.10.1}{\376\377\000T\000y\000p\000e\000s\000\040\000o\000f\000\040\000C\000e\000l\000l\000s}{section.10}% 21
\BOOKMARK [1][-]{section.11}{\376\377\000I\000n\000t\000e\000r\000n\000a\000l\000\040\000R\000e\000s\000i\000s\000t\000a\000n\000c\000e}{}% 22
\BOOKMARK [1][-]{section.12}{\376\377\000N\000o\000n\000-\000I\000d\000e\000a\000l\000\040\000C\000e\000l\000l\000s\000\040\040\024\000\040\000P\000o\000w\000e\000r}{}% 23
